<?xml version="1.0" encoding="UTF-8"?>
<!-- Generated by org.testng.reporters.JUnitXMLReporter -->
<testsuite hostname="LAPTOP-37CPKV0R" ignored="0" name="Chrometest" tests="3" failures="0" timestamp="2023-11-01T16:05:45 EDT" time="13.348" errors="0">
  <testcase name="VerifyTitle" time="0.051" classname="com.mystore.testcase.IndexPageTest"/>
  <testcase name="VerifyTitle" time="0.057" classname="com.mystore.testcase.IndexPageTest"/>
  <testcase name="logo" time="0.012" classname="com.mystore.testcase.IndexPageTest"/>
</testsuite> <!-- Chrometest -->
