<?xml version="1.0" encoding="UTF-8"?>
<!-- Generated by org.testng.reporters.JUnitXMLReporter -->
<testsuite hostname="LAPTOP-37CPKV0R" ignored="9" tests="0" failures="0" timestamp="2023-11-01T15:20:28 EDT" time="0.01" errors="0">
  <testcase name="orderHistoryandDetailsTest" time="0.0" classname="com.mystore.testcase.HomePageTest">
    <ignored/>
  </testcase> <!-- orderHistoryandDetailsTest -->
  <testcase name="endToEndTest" time="0.0" classname="com.mystore.testcase.EndToEndTest">
    <ignored/>
  </testcase> <!-- endToEndTest -->
  <testcase name="verifyTotalPrice" time="0.0" classname="com.mystore.testcase.OrderPageTest">
    <ignored/>
  </testcase> <!-- verifyTotalPrice -->
  <testcase name="verifyeaccountpagetest" time="0.0" classname="com.mystore.testcase.AccountCreationPageTest">
    <ignored/>
  </testcase> <!-- verifyeaccountpagetest -->
  <testcase name="VerifyTitle" time="0.0" classname="com.mystore.testcase.IndexPageTest">
    <ignored/>
  </testcase> <!-- VerifyTitle -->
  <testcase name="verifyeaccountpagetest" time="0.0" classname="com.mystore.testcase.AddToCartPageTest">
    <ignored/>
  </testcase> <!-- verifyeaccountpagetest -->
  <testcase name="logo" time="0.0" classname="com.mystore.testcase.IndexPageTest">
    <ignored/>
  </testcase> <!-- logo -->
  <testcase name="loginTest" time="0.0" classname="com.mystore.testcase.LoginPageTest">
    <ignored/>
  </testcase> <!-- loginTest -->
  <testcase name="verifyeaccountpagetest" time="0.0" classname="com.mystore.testcase.SearchResultPageTest">
    <ignored/>
  </testcase> <!-- verifyeaccountpagetest -->
</testsuite>
