<?xml version="1.0" encoding="UTF-8"?>
<!-- Generated by org.testng.reporters.JUnitXMLReporter -->
<testsuite hostname="LAPTOP-37CPKV0R" ignored="18" name="Test_smoke" tests="5" failures="0" timestamp="2023-11-01T16:07:47 EDT" time="38.572" errors="0">
  <testcase name="verifyeaccountpagetest" time="4.284" classname="com.mystore.testcase.SearchResultPageTest"/>
  <testcase name="loginTest" time="2.757" classname="com.mystore.testcase.LoginPageTest"/>
  <testcase name="orderHistoryandDetailsTest" time="2.855" classname="com.mystore.testcase.HomePageTest"/>
  <testcase name="VerifyTitle" time="0.01" classname="com.mystore.testcase.IndexPageTest"/>
  <testcase name="logo" time="0.009" classname="com.mystore.testcase.IndexPageTest"/>
  <testcase name="endToEndTest" time="0.0" classname="com.mystore.testcase.EndToEndTest">
    <ignored/>
  </testcase> <!-- endToEndTest -->
  <testcase name="verifyTotalPrice" time="0.0" classname="com.mystore.testcase.OrderPageTest">
    <ignored/>
  </testcase> <!-- verifyTotalPrice -->
  <testcase name="verifyeaccountpagetest" time="0.0" classname="com.mystore.testcase.AddToCartPageTest">
    <ignored/>
  </testcase> <!-- verifyeaccountpagetest -->
  <testcase name="@BeforeTest loadConfig" time="0.0" classname="com.mystore.base.Baseclass">
    <ignored/>
  </testcase> <!-- @BeforeTest loadConfig -->
  <testcase name="@BeforeTest loadConfig" time="0.0" classname="com.mystore.base.Baseclass">
    <ignored/>
  </testcase> <!-- @BeforeTest loadConfig -->
  <testcase name="@BeforeTest loadConfig" time="0.0" classname="com.mystore.base.Baseclass">
    <ignored/>
  </testcase> <!-- @BeforeTest loadConfig -->
  <testcase name="@BeforeTest loadConfig" time="0.0" classname="com.mystore.base.Baseclass">
    <ignored/>
  </testcase> <!-- @BeforeTest loadConfig -->
  <testcase name="@BeforeTest loadConfig" time="0.0" classname="com.mystore.base.Baseclass">
    <ignored/>
  </testcase> <!-- @BeforeTest loadConfig -->
  <testcase name="@BeforeTest loadConfig" time="0.0" classname="com.mystore.base.Baseclass">
    <ignored/>
  </testcase> <!-- @BeforeTest loadConfig -->
  <testcase name="@BeforeTest loadConfig" time="0.0" classname="com.mystore.base.Baseclass">
    <ignored/>
  </testcase> <!-- @BeforeTest loadConfig -->
  <testcase name="@BeforeSuite Beforesuit" time="0.0" classname="com.mystore.base.Baseclass">
    <ignored/>
  </testcase> <!-- @BeforeSuite Beforesuit -->
  <testcase name="@BeforeSuite Beforesuit" time="0.0" classname="com.mystore.base.Baseclass">
    <ignored/>
  </testcase> <!-- @BeforeSuite Beforesuit -->
  <testcase name="@BeforeSuite Beforesuit" time="0.0" classname="com.mystore.base.Baseclass">
    <ignored/>
  </testcase> <!-- @BeforeSuite Beforesuit -->
  <testcase name="@BeforeSuite Beforesuit" time="0.0" classname="com.mystore.base.Baseclass">
    <ignored/>
  </testcase> <!-- @BeforeSuite Beforesuit -->
  <testcase name="@BeforeSuite Beforesuit" time="0.0" classname="com.mystore.base.Baseclass">
    <ignored/>
  </testcase> <!-- @BeforeSuite Beforesuit -->
  <testcase name="@BeforeSuite Beforesuit" time="0.0" classname="com.mystore.base.Baseclass">
    <ignored/>
  </testcase> <!-- @BeforeSuite Beforesuit -->
  <testcase name="@BeforeSuite Beforesuit" time="0.0" classname="com.mystore.base.Baseclass">
    <ignored/>
  </testcase> <!-- @BeforeSuite Beforesuit -->
  <testcase name="verifyeaccountpagetest" time="0.0" classname="com.mystore.testcase.AccountCreationPageTest">
    <ignored/>
  </testcase> <!-- verifyeaccountpagetest -->
</testsuite> <!-- Test_smoke -->
